/home/acp23ajh/controllable-privacy-exposure/utils/dataset_utils.py:22: DtypeWarning: Columns (1) have mixed types. Specify dtype option on import or set low_memory=False.
  ed_train_df = pd.read_csv(f"{TRAIN_DISCHARGE_ME}/edstays.csv")
Target task is brief_hospital_course
Running the pipelines
Running pipeline for brief_hospital_course on patient 21888122 - 1/594
Starting inference
Pipeline completed
Running pipeline for brief_hospital_course on patient 27500458 - 2/594
Starting inference
Pipeline completed
Running pipeline for brief_hospital_course on patient 25043605 - 3/594
Starting inference
Pipeline completed
Running pipeline for brief_hospital_course on patient 23340206 - 4/594
Starting inference
Pipeline completed
Running pipeline for brief_hospital_course on patient 20233171 - 5/594
Starting inference
Pipeline completed
Running pipeline for brief_hospital_course on patient 26260581 - 6/594
Starting inference
Pipeline completed
Running pipeline for brief_hospital_course on patient 23404838 - 7/594
Starting inference
Pipeline completed
Running pipeline for brief_hospital_course on patient 29484200 - 8/594
Starting inference
Pipeline completed
Running pipeline for brief_hospital_course on patient 26402803 - 9/594
Starting inference
Pipeline completed
Running pipeline for brief_hospital_course on patient 24177087 - 10/594
Starting inference
Pipeline completed
Running pipeline for brief_hospital_course on patient 28196804 - 11/594
Starting inference
Pipeline completed
Running pipeline for brief_hospital_course on patient 28664981 - 12/594
Starting inference
Pipeline completed
Running pipeline for brief_hospital_course on patient 26913631 - 13/594
Starting inference
Pipeline completed
Running pipeline for brief_hospital_course on patient 26765568 - 14/594
Starting inference
Pipeline completed
Running pipeline for brief_hospital_course on patient 20733299 - 15/594
Starting inference
Pipeline completed
Running pipeline for brief_hospital_course on patient 27377841 - 16/594
Starting inference
Pipeline completed
Running pipeline for brief_hospital_course on patient 22082422 - 17/594
Starting inference
Pipeline completed
Running pipeline for brief_hospital_course on patient 27542323 - 18/594
Starting inference
Pipeline completed
Running pipeline for brief_hospital_course on patient 29099487 - 19/594
Starting inference
Pipeline completed
Running pipeline for brief_hospital_course on patient 24152640 - 20/594
Starting inference
Pipeline completed
Running pipeline for brief_hospital_course on patient 20888732 - 21/594
Starting inference
Pipeline completed
Running pipeline for brief_hospital_course on patient 29707276 - 22/594
Starting inference
Pipeline completed
Running pipeline for brief_hospital_course on patient 20705174 - 23/594
Starting inference
Pipeline completed
Running pipeline for brief_hospital_course on patient 27108318 - 24/594
Starting inference
Pipeline completed
Running pipeline for brief_hospital_course on patient 26756509 - 25/594
Starting inference
Pipeline completed
Running pipeline for brief_hospital_course on patient 27894366 - 26/594
Starting inference
Pipeline completed
Running pipeline for brief_hospital_course on patient 24338398 - 27/594
Starting inference
Pipeline completed
Running pipeline for brief_hospital_course on patient 22825754 - 28/594
Starting inference
Pipeline completed
Running pipeline for brief_hospital_course on patient 21421548 - 29/594
Starting inference
Pipeline completed
Running pipeline for brief_hospital_course on patient 28771670 - 30/594
Starting inference
Pipeline completed
Running pipeline for brief_hospital_course on patient 28222521 - 31/594
Starting inference
Pipeline completed
Running pipeline for brief_hospital_course on patient 26862508 - 32/594
Starting inference
Pipeline completed
Running pipeline for brief_hospital_course on patient 25366058 - 33/594
Starting inference
Pipeline completed
Running pipeline for brief_hospital_course on patient 21985481 - 34/594
Starting inference
Pipeline completed
Running pipeline for brief_hospital_course on patient 24588863 - 35/594
Starting inference
Pipeline completed
Running pipeline for brief_hospital_course on patient 29446146 - 36/594
Starting inference
Pipeline completed
Running pipeline for brief_hospital_course on patient 28316606 - 37/594
Starting inference
Pipeline completed
Running pipeline for brief_hospital_course on patient 29075250 - 38/594
Starting inference
Pipeline completed
Running pipeline for brief_hospital_course on patient 26594783 - 39/594
Starting inference
Pipeline completed
Running pipeline for brief_hospital_course on patient 20895038 - 40/594
Starting inference
Pipeline completed
Running pipeline for brief_hospital_course on patient 21228487 - 41/594
Starting inference
Pipeline completed
Running pipeline for brief_hospital_course on patient 27185402 - 42/594
Starting inference
Pipeline completed
Running pipeline for brief_hospital_course on patient 20163399 - 43/594
Starting inference
Pipeline completed
Running pipeline for brief_hospital_course on patient 28107091 - 44/594
Starting inference
Pipeline completed
Running pipeline for brief_hospital_course on patient 29352282 - 45/594
Starting inference
Pipeline completed
Running pipeline for brief_hospital_course on patient 23949078 - 46/594
Starting inference
Pipeline completed
Running pipeline for brief_hospital_course on patient 27432568 - 47/594
Starting inference
Pipeline completed
Running pipeline for brief_hospital_course on patient 21975601 - 48/594
Starting inference
Pipeline completed
Running pipeline for brief_hospital_course on patient 24614342 - 49/594
Starting inference
Pipeline completed
Running pipeline for brief_hospital_course on patient 28117833 - 50/594
Starting inference
Pipeline completed
Running pipeline for brief_hospital_course on patient 28294961 - 51/594
Starting inference
Pipeline completed
Running pipeline for brief_hospital_course on patient 29523385 - 52/594
Starting inference
Pipeline completed
Running pipeline for brief_hospital_course on patient 25404430 - 53/594
Starting inference
Pipeline completed
Running pipeline for brief_hospital_course on patient 25442395 - 54/594
Starting inference
Pipeline completed
Running pipeline for brief_hospital_course on patient 27987619 - 55/594
Starting inference
Pipeline completed
Running pipeline for brief_hospital_course on patient 28956958 - 56/594
Starting inference
Pipeline completed
Running pipeline for brief_hospital_course on patient 29765478 - 57/594
Starting inference
Pipeline completed
Running pipeline for brief_hospital_course on patient 27743384 - 58/594
Starting inference
Pipeline completed
Running pipeline for brief_hospital_course on patient 25242409 - 59/594
Starting inference
Pipeline completed
Running pipeline for brief_hospital_course on patient 25805670 - 60/594
Starting inference
Pipeline completed
Running pipeline for brief_hospital_course on patient 29235759 - 61/594
Starting inference
Pipeline completed
Running pipeline for brief_hospital_course on patient 25306247 - 62/594
Starting inference
Pipeline completed
Running pipeline for brief_hospital_course on patient 29118941 - 63/594
Starting inference
Pipeline completed
Running pipeline for brief_hospital_course on patient 29804344 - 64/594
Starting inference
Pipeline completed
Running pipeline for brief_hospital_course on patient 20750437 - 65/594
Starting inference
Pipeline completed
Running pipeline for brief_hospital_course on patient 21955805 - 66/594
Starting inference
Pipeline completed
Running pipeline for brief_hospital_course on patient 23703739 - 67/594
Starting inference
Pipeline completed
Running pipeline for brief_hospital_course on patient 22987135 - 68/594
Starting inference
Pipeline completed
Running pipeline for brief_hospital_course on patient 26280341 - 69/594
Starting inference
Pipeline completed
Running pipeline for brief_hospital_course on patient 20364526 - 70/594
Starting inference
Pipeline completed
Running pipeline for brief_hospital_course on patient 20728922 - 71/594
Starting inference
Pipeline completed
Running pipeline for brief_hospital_course on patient 20515469 - 72/594
Starting inference
Pipeline completed
Running pipeline for brief_hospital_course on patient 22110933 - 73/594
Starting inference
Pipeline completed
Running pipeline for brief_hospital_course on patient 22044551 - 74/594
Starting inference
Pipeline completed
Running pipeline for brief_hospital_course on patient 26642099 - 75/594
Starting inference
Pipeline completed
Running pipeline for brief_hospital_course on patient 27924482 - 76/594
Starting inference
Pipeline completed
Running pipeline for brief_hospital_course on patient 21188045 - 77/594
Starting inference
Pipeline completed
Running pipeline for brief_hospital_course on patient 23795421 - 78/594
Starting inference
Pipeline completed
Running pipeline for brief_hospital_course on patient 24027961 - 79/594
Starting inference
Pipeline completed
Running pipeline for brief_hospital_course on patient 23517634 - 80/594
Starting inference
Pipeline completed
Running pipeline for brief_hospital_course on patient 22857894 - 81/594
Starting inference
Pipeline completed
Running pipeline for brief_hospital_course on patient 27481198 - 82/594
Starting inference
Pipeline completed
Running pipeline for brief_hospital_course on patient 22725460 - 83/594
Starting inference
Pipeline completed
Running pipeline for brief_hospital_course on patient 29817772 - 84/594
Starting inference
Pipeline completed
Running pipeline for brief_hospital_course on patient 25849114 - 85/594
Starting inference
Pipeline completed
Running pipeline for brief_hospital_course on patient 26731515 - 86/594
Starting inference
Pipeline completed
Running pipeline for brief_hospital_course on patient 22360441 - 87/594
Starting inference
Pipeline completed
Running pipeline for brief_hospital_course on patient 27478074 - 88/594
Starting inference
Pipeline completed
Running pipeline for brief_hospital_course on patient 29905963 - 89/594
Starting inference
Pipeline completed
Running pipeline for brief_hospital_course on patient 29659838 - 90/594
Starting inference
Pipeline completed
Running pipeline for brief_hospital_course on patient 20924956 - 91/594
Starting inference
Pipeline completed
Running pipeline for brief_hospital_course on patient 21971697 - 92/594
Starting inference
Pipeline completed
Running pipeline for brief_hospital_course on patient 21653622 - 93/594
Starting inference
Pipeline completed
Running pipeline for brief_hospital_course on patient 22702936 - 94/594
Starting inference
Pipeline completed
Running pipeline for brief_hospital_course on patient 28963312 - 95/594
Starting inference
Pipeline completed
Running pipeline for brief_hospital_course on patient 23408706 - 96/594
Starting inference
Pipeline completed
Running pipeline for brief_hospital_course on patient 25087747 - 97/594
Starting inference
Pipeline completed
Running pipeline for brief_hospital_course on patient 28004948 - 98/594
Starting inference
Pipeline completed
Running pipeline for brief_hospital_course on patient 22636062 - 99/594
Starting inference
Pipeline completed
Running pipeline for brief_hospital_course on patient 27998273 - 100/594
Starting inference
Pipeline completed
Running pipeline for brief_hospital_course on patient 29233013 - 101/594
Starting inference
Pipeline completed
Running pipeline for brief_hospital_course on patient 22070638 - 102/594
Starting inference
Pipeline completed
Running pipeline for brief_hospital_course on patient 28943210 - 103/594
Starting inference
Pipeline completed
Running pipeline for brief_hospital_course on patient 29181315 - 104/594
Starting inference
Pipeline completed
Running pipeline for brief_hospital_course on patient 22927623 - 105/594
Starting inference
Pipeline completed
Running pipeline for brief_hospital_course on patient 22443998 - 106/594
Starting inference
Pipeline completed
Running pipeline for brief_hospital_course on patient 27373564 - 107/594
Starting inference
Pipeline completed
Running pipeline for brief_hospital_course on patient 28635205 - 108/594
Starting inference
Pipeline completed
Running pipeline for brief_hospital_course on patient 25373695 - 109/594
Starting inference
Pipeline completed
Running pipeline for brief_hospital_course on patient 22345836 - 110/594
Starting inference
Pipeline completed
Running pipeline for brief_hospital_course on patient 27352491 - 111/594
Starting inference
Pipeline completed
Running pipeline for brief_hospital_course on patient 24165467 - 112/594
Starting inference
Pipeline completed
Running pipeline for brief_hospital_course on patient 20592465 - 113/594
Starting inference
Pipeline completed
Running pipeline for brief_hospital_course on patient 20927679 - 114/594
Starting inference
Pipeline completed
Running pipeline for brief_hospital_course on patient 22549868 - 115/594
Starting inference
Pipeline completed
Running pipeline for brief_hospital_course on patient 24883095 - 116/594
Starting inference
Pipeline completed
Running pipeline for brief_hospital_course on patient 20783870 - 117/594
Starting inference
Pipeline completed
Running pipeline for brief_hospital_course on patient 23406304 - 118/594
Starting inference
Pipeline completed
Running pipeline for brief_hospital_course on patient 24783140 - 119/594
Starting inference
Pipeline completed
Running pipeline for brief_hospital_course on patient 25434654 - 120/594
Starting inference
Pipeline completed
Running pipeline for brief_hospital_course on patient 29671180 - 121/594
Starting inference
Pipeline completed
Running pipeline for brief_hospital_course on patient 22530397 - 122/594
Starting inference
Pipeline completed
Running pipeline for brief_hospital_course on patient 23759157 - 123/594
Starting inference
Pipeline completed
Running pipeline for brief_hospital_course on patient 25994031 - 124/594
Starting inference
Pipeline completed
Running pipeline for brief_hospital_course on patient 20041764 - 125/594
Starting inference
Pipeline completed
Running pipeline for brief_hospital_course on patient 25593676 - 126/594
Starting inference
Pipeline completed
Running pipeline for brief_hospital_course on patient 23594795 - 127/594
Starting inference
Pipeline completed
Running pipeline for brief_hospital_course on patient 25908760 - 128/594
Starting inference
Pipeline completed
Running pipeline for brief_hospital_course on patient 28542033 - 129/594
Starting inference
Pipeline completed
Running pipeline for brief_hospital_course on patient 25737628 - 130/594
Starting inference
Pipeline completed
Running pipeline for brief_hospital_course on patient 22347408 - 131/594
Starting inference
Pipeline completed
Running pipeline for brief_hospital_course on patient 22079141 - 132/594
Starting inference
Pipeline completed
Running pipeline for brief_hospital_course on patient 22097626 - 133/594
Starting inference
Pipeline completed
Running pipeline for brief_hospital_course on patient 24597018 - 134/594
Starting inference
Pipeline completed
Running pipeline for brief_hospital_course on patient 22347219 - 135/594
Starting inference
Pipeline completed
Running pipeline for brief_hospital_course on patient 24805503 - 136/594
Starting inference
Pipeline completed
Running pipeline for brief_hospital_course on patient 23381072 - 137/594
Starting inference
Pipeline completed
Running pipeline for brief_hospital_course on patient 29492388 - 138/594
Starting inference
Pipeline completed
Running pipeline for brief_hospital_course on patient 26522930 - 139/594
Starting inference
Pipeline completed
Running pipeline for brief_hospital_course on patient 21810921 - 140/594
Starting inference
Pipeline completed
Running pipeline for brief_hospital_course on patient 28170894 - 141/594
Starting inference
Pipeline completed
Running pipeline for brief_hospital_course on patient 21410553 - 142/594
Starting inference
Pipeline completed
Running pipeline for brief_hospital_course on patient 26170962 - 143/594
Starting inference
Pipeline completed
Running pipeline for brief_hospital_course on patient 20445854 - 144/594
Starting inference
Pipeline completed
Running pipeline for brief_hospital_course on patient 29265645 - 145/594
Starting inference
Pipeline completed
Running pipeline for brief_hospital_course on patient 29596890 - 146/594
Starting inference
Pipeline completed
Running pipeline for brief_hospital_course on patient 28839328 - 147/594
Starting inference
Pipeline completed
Running pipeline for brief_hospital_course on patient 21696828 - 148/594
Starting inference
Pipeline completed
Running pipeline for brief_hospital_course on patient 23417083 - 149/594
Starting inference
Pipeline completed
Running pipeline for brief_hospital_course on patient 24925572 - 150/594
Starting inference
Pipeline completed
Running pipeline for brief_hospital_course on patient 23514807 - 151/594
Starting inference
Pipeline completed
Running pipeline for brief_hospital_course on patient 24023396 - 152/594
Starting inference
Pipeline completed
Running pipeline for brief_hospital_course on patient 29896165 - 153/594
Starting inference
Pipeline completed
Running pipeline for brief_hospital_course on patient 29213329 - 154/594
Starting inference
Pipeline completed
Running pipeline for brief_hospital_course on patient 21961352 - 155/594
Starting inference
Pipeline completed
Running pipeline for brief_hospital_course on patient 27296885 - 156/594
Starting inference
Pipeline completed
Running pipeline for brief_hospital_course on patient 29357243 - 157/594
Starting inference
Pipeline completed
Running pipeline for brief_hospital_course on patient 25335388 - 158/594
Starting inference
Pipeline completed
Running pipeline for brief_hospital_course on patient 29263933 - 159/594
Starting inference
Pipeline completed
Running pipeline for brief_hospital_course on patient 24392431 - 160/594
Starting inference
Pipeline completed
Running pipeline for brief_hospital_course on patient 24695226 - 161/594
Starting inference
Pipeline completed
Running pipeline for brief_hospital_course on patient 23664931 - 162/594
Starting inference
Pipeline completed
Running pipeline for brief_hospital_course on patient 24064363 - 163/594
Starting inference
Pipeline completed
Running pipeline for brief_hospital_course on patient 25005846 - 164/594
Starting inference
Pipeline completed
Running pipeline for brief_hospital_course on patient 28029898 - 165/594
Starting inference
Pipeline completed
Running pipeline for brief_hospital_course on patient 22845311 - 166/594
Starting inference
Pipeline completed
Running pipeline for brief_hospital_course on patient 22391563 - 167/594
Starting inference
Pipeline completed
Running pipeline for brief_hospital_course on patient 25154393 - 168/594
Starting inference
Pipeline completed
Running pipeline for brief_hospital_course on patient 24065018 - 169/594
Starting inference
Pipeline completed
Running pipeline for brief_hospital_course on patient 22649702 - 170/594
Starting inference
Pipeline completed
Running pipeline for brief_hospital_course on patient 26982115 - 171/594
Starting inference
Pipeline completed
Running pipeline for brief_hospital_course on patient 21096651 - 172/594
Starting inference
Pipeline completed
Running pipeline for brief_hospital_course on patient 28105046 - 173/594
Starting inference
Pipeline completed
Running pipeline for brief_hospital_course on patient 21469895 - 174/594
Starting inference
Pipeline completed
Running pipeline for brief_hospital_course on patient 25544280 - 175/594
Starting inference
Pipeline completed
Running pipeline for brief_hospital_course on patient 28593535 - 176/594
Starting inference
Pipeline completed
Running pipeline for brief_hospital_course on patient 23965139 - 177/594
Starting inference
Pipeline completed
Running pipeline for brief_hospital_course on patient 20750480 - 178/594
Starting inference
Pipeline completed
Running pipeline for brief_hospital_course on patient 25423116 - 179/594
Starting inference
Pipeline completed
Running pipeline for brief_hospital_course on patient 22995465 - 180/594
Starting inference
Pipeline completed
Running pipeline for brief_hospital_course on patient 24186608 - 181/594
Starting inference
Pipeline completed
Running pipeline for brief_hospital_course on patient 24061001 - 182/594
Starting inference
Pipeline completed
Running pipeline for brief_hospital_course on patient 23616372 - 183/594
Starting inference
Pipeline completed
Running pipeline for brief_hospital_course on patient 27531737 - 184/594
Starting inference
Pipeline completed
Running pipeline for brief_hospital_course on patient 26461364 - 185/594
Starting inference
Pipeline completed
Running pipeline for brief_hospital_course on patient 20219031 - 186/594
Starting inference
Pipeline completed
Running pipeline for brief_hospital_course on patient 24676144 - 187/594
Starting inference
Pipeline completed
Running pipeline for brief_hospital_course on patient 21434381 - 188/594
Starting inference
Pipeline completed
Running pipeline for brief_hospital_course on patient 23407995 - 189/594
Starting inference
Pipeline completed
Running pipeline for brief_hospital_course on patient 26034370 - 190/594
Starting inference
Pipeline completed
Running pipeline for brief_hospital_course on patient 27960987 - 191/594
Starting inference
Pipeline completed
Running pipeline for brief_hospital_course on patient 23037113 - 192/594
Starting inference
Pipeline completed
Running pipeline for brief_hospital_course on patient 25975579 - 193/594
Starting inference
Pipeline completed
Running pipeline for brief_hospital_course on patient 22493586 - 194/594
Starting inference
Pipeline completed
Running pipeline for brief_hospital_course on patient 22051341 - 195/594
Starting inference
Pipeline completed
Running pipeline for brief_hospital_course on patient 20854750 - 196/594
Starting inference
Pipeline completed
Running pipeline for brief_hospital_course on patient 24327841 - 197/594
Starting inference
Pipeline completed
Running pipeline for brief_hospital_course on patient 28078081 - 198/594
Starting inference
Pipeline completed
Running pipeline for brief_hospital_course on patient 20715816 - 199/594
Starting inference
Pipeline completed
Running pipeline for brief_hospital_course on patient 24377082 - 200/594
Starting inference
Pipeline completed
Running pipeline for brief_hospital_course on patient 29408916 - 201/594
Starting inference
Pipeline completed
Running pipeline for brief_hospital_course on patient 29763228 - 202/594
Starting inference
Pipeline completed
Running pipeline for brief_hospital_course on patient 26463677 - 203/594
Starting inference
Pipeline completed
Running pipeline for brief_hospital_course on patient 21454253 - 204/594
Starting inference
Pipeline completed
Running pipeline for brief_hospital_course on patient 29983655 - 205/594
Starting inference
Pipeline completed
Running pipeline for brief_hospital_course on patient 20522931 - 206/594
Starting inference
Pipeline completed
Running pipeline for brief_hospital_course on patient 21961831 - 207/594
Starting inference
Pipeline completed
Running pipeline for brief_hospital_course on patient 28874151 - 208/594
Starting inference
Pipeline completed
Running pipeline for brief_hospital_course on patient 28662225 - 209/594
Starting inference
Pipeline completed
Running pipeline for brief_hospital_course on patient 27402483 - 210/594
Starting inference
Pipeline completed
Running pipeline for brief_hospital_course on patient 27356810 - 211/594
Starting inference
Pipeline completed
Running pipeline for brief_hospital_course on patient 29746536 - 212/594
Starting inference
Pipeline completed
Running pipeline for brief_hospital_course on patient 28507423 - 213/594
Starting inference
Pipeline completed
Running pipeline for brief_hospital_course on patient 29572014 - 214/594
Starting inference
Pipeline completed
Running pipeline for brief_hospital_course on patient 27867097 - 215/594
Starting inference
Pipeline completed
Running pipeline for brief_hospital_course on patient 22996963 - 216/594
Starting inference
Pipeline completed
Running pipeline for brief_hospital_course on patient 26170293 - 217/594
Starting inference
Pipeline completed
Running pipeline for brief_hospital_course on patient 21012239 - 218/594
Starting inference
Pipeline completed
Running pipeline for brief_hospital_course on patient 24603001 - 219/594
Starting inference
Pipeline completed
Running pipeline for brief_hospital_course on patient 22863073 - 220/594
Starting inference
Pipeline completed
Running pipeline for brief_hospital_course on patient 22881221 - 221/594
Starting inference
Pipeline completed
Running pipeline for brief_hospital_course on patient 23961896 - 222/594
Starting inference
Pipeline completed
Running pipeline for brief_hospital_course on patient 23253910 - 223/594
Starting inference
Pipeline completed
Running pipeline for brief_hospital_course on patient 26670739 - 224/594
Starting inference
Pipeline completed
Running pipeline for brief_hospital_course on patient 27485035 - 225/594
Starting inference
Pipeline completed
Running pipeline for brief_hospital_course on patient 27423319 - 226/594
Starting inference
Pipeline completed
Running pipeline for brief_hospital_course on patient 22539296 - 227/594
Starting inference
Pipeline completed
Running pipeline for brief_hospital_course on patient 27046976 - 228/594
Starting inference
Pipeline completed
Running pipeline for brief_hospital_course on patient 23201340 - 229/594
Starting inference
Pipeline completed
Running pipeline for brief_hospital_course on patient 26662419 - 230/594
Starting inference
Pipeline completed
Running pipeline for brief_hospital_course on patient 26936492 - 231/594
Starting inference
Pipeline completed
Running pipeline for brief_hospital_course on patient 24862430 - 232/594
Starting inference
Pipeline completed
Running pipeline for brief_hospital_course on patient 21540678 - 233/594
Starting inference
Pipeline completed
Running pipeline for brief_hospital_course on patient 20090856 - 234/594
Starting inference
Pipeline completed
Running pipeline for brief_hospital_course on patient 25892239 - 235/594
Starting inference
Pipeline completed
Running pipeline for brief_hospital_course on patient 24705279 - 236/594
Starting inference
Pipeline completed
Running pipeline for brief_hospital_course on patient 28497785 - 237/594
Starting inference
Pipeline completed
Running pipeline for brief_hospital_course on patient 29747625 - 238/594
Starting inference
Pipeline completed
Running pipeline for brief_hospital_course on patient 27122498 - 239/594
Starting inference
Pipeline completed
Running pipeline for brief_hospital_course on patient 27571914 - 240/594
Starting inference
Pipeline completed
Running pipeline for brief_hospital_course on patient 22663532 - 241/594
Starting inference
Pipeline completed
Running pipeline for brief_hospital_course on patient 29858500 - 242/594
Starting inference
Pipeline completed
Running pipeline for brief_hospital_course on patient 24721261 - 243/594
Starting inference
Pipeline completed
Running pipeline for brief_hospital_course on patient 25585675 - 244/594
Starting inference
Pipeline completed
Running pipeline for brief_hospital_course on patient 29791812 - 245/594
Starting inference
Pipeline completed
Running pipeline for brief_hospital_course on patient 21263705 - 246/594
Starting inference
Pipeline completed
Running pipeline for brief_hospital_course on patient 27628357 - 247/594
Starting inference
Pipeline completed
Running pipeline for brief_hospital_course on patient 29684773 - 248/594
Starting inference
Pipeline completed
Running pipeline for brief_hospital_course on patient 29230529 - 249/594
Starting inference
Pipeline completed
Running pipeline for brief_hospital_course on patient 25994646 - 250/594
Starting inference
Pipeline completed
Running pipeline for brief_hospital_course on patient 24484269 - 251/594
Starting inference
Pipeline completed
Running pipeline for brief_hospital_course on patient 22034413 - 252/594
Starting inference
Pipeline completed
Running pipeline for brief_hospital_course on patient 22672901 - 253/594
Starting inference
Pipeline completed
Running pipeline for brief_hospital_course on patient 24015009 - 254/594
Starting inference
Pipeline completed
Running pipeline for brief_hospital_course on patient 27889421 - 255/594
Starting inference
Pipeline completed
Running pipeline for brief_hospital_course on patient 25073961 - 256/594
Starting inference
Pipeline completed
Running pipeline for brief_hospital_course on patient 25087476 - 257/594
Starting inference
Pipeline completed
Running pipeline for brief_hospital_course on patient 21500410 - 258/594
Starting inference
Pipeline completed
Running pipeline for brief_hospital_course on patient 29504729 - 259/594
Starting inference
Pipeline completed
Running pipeline for brief_hospital_course on patient 21707591 - 260/594
Starting inference
Pipeline completed
Running pipeline for brief_hospital_course on patient 27152936 - 261/594
Starting inference
Pipeline completed
Running pipeline for brief_hospital_course on patient 24513842 - 262/594
Starting inference
Pipeline completed
Running pipeline for brief_hospital_course on patient 26373091 - 263/594
Starting inference
Pipeline completed
Running pipeline for brief_hospital_course on patient 20731670 - 264/594
Starting inference
Pipeline completed
Running pipeline for brief_hospital_course on patient 23307632 - 265/594
Starting inference
Pipeline completed
Running pipeline for brief_hospital_course on patient 29678536 - 266/594
Starting inference
Pipeline completed
Running pipeline for brief_hospital_course on patient 26155841 - 267/594
Starting inference
Pipeline completed
Running pipeline for brief_hospital_course on patient 28715048 - 268/594
Starting inference
Pipeline completed
Running pipeline for brief_hospital_course on patient 21606055 - 269/594
Starting inference
Pipeline completed
Running pipeline for brief_hospital_course on patient 29190188 - 270/594
Starting inference
Pipeline completed
Running pipeline for brief_hospital_course on patient 28676446 - 271/594
Starting inference
Pipeline completed
Running pipeline for brief_hospital_course on patient 21197153 - 272/594
Starting inference
Pipeline completed
Running pipeline for brief_hospital_course on patient 25063702 - 273/594
Starting inference
Pipeline completed
Running pipeline for brief_hospital_course on patient 20952726 - 274/594
Starting inference
Pipeline completed
Running pipeline for brief_hospital_course on patient 24231467 - 275/594
Starting inference
Pipeline completed
Running pipeline for brief_hospital_course on patient 25103437 - 276/594
Starting inference
Pipeline completed
Running pipeline for brief_hospital_course on patient 27334965 - 277/594
Starting inference
Pipeline completed
Running pipeline for brief_hospital_course on patient 22289170 - 278/594
Starting inference
Pipeline completed
Running pipeline for brief_hospital_course on patient 25023471 - 279/594
Starting inference
Pipeline completed
Running pipeline for brief_hospital_course on patient 26644920 - 280/594
Starting inference
Pipeline completed
Running pipeline for brief_hospital_course on patient 23083121 - 281/594
Starting inference
Pipeline completed
Running pipeline for brief_hospital_course on patient 24474931 - 282/594
Starting inference
Pipeline completed
Running pipeline for brief_hospital_course on patient 21457143 - 283/594
Starting inference
Pipeline completed
Running pipeline for brief_hospital_course on patient 29011269 - 284/594
Starting inference
Pipeline completed
Running pipeline for brief_hospital_course on patient 22541619 - 285/594
Starting inference
Pipeline completed
Running pipeline for brief_hospital_course on patient 23598550 - 286/594
Starting inference
Pipeline completed
Running pipeline for brief_hospital_course on patient 21441082 - 287/594
Starting inference
Pipeline completed
Running pipeline for brief_hospital_course on patient 23936893 - 288/594
Starting inference
Pipeline completed
Running pipeline for brief_hospital_course on patient 23696555 - 289/594
Starting inference
Pipeline completed
Running pipeline for brief_hospital_course on patient 25690475 - 290/594
Starting inference
Pipeline completed
Running pipeline for brief_hospital_course on patient 25909616 - 291/594
Starting inference
Pipeline completed
Running pipeline for brief_hospital_course on patient 27533500 - 292/594
Starting inference
Pipeline completed
Running pipeline for brief_hospital_course on patient 23582891 - 293/594
Starting inference
Pipeline completed
Running pipeline for brief_hospital_course on patient 26929808 - 294/594
Starting inference
Pipeline completed
Running pipeline for brief_hospital_course on patient 28182613 - 295/594
Starting inference
Pipeline completed
Running pipeline for brief_hospital_course on patient 22939697 - 296/594
Starting inference
Pipeline completed
Running pipeline for brief_hospital_course on patient 20647569 - 297/594
Starting inference
Pipeline completed
Running pipeline for brief_hospital_course on patient 28081620 - 298/594
Starting inference
Pipeline completed
Running pipeline for brief_hospital_course on patient 21999011 - 299/594
Starting inference
Pipeline completed
Running pipeline for brief_hospital_course on patient 26124340 - 300/594
Starting inference
Pipeline completed
Running pipeline for brief_hospital_course on patient 24812575 - 301/594
Starting inference
Pipeline completed
Running pipeline for brief_hospital_course on patient 23364124 - 302/594
Starting inference
Pipeline completed
Running pipeline for brief_hospital_course on patient 21265329 - 303/594
Starting inference
Pipeline completed
Running pipeline for brief_hospital_course on patient 22177535 - 304/594
Starting inference
Pipeline completed
Running pipeline for brief_hospital_course on patient 25750539 - 305/594
Starting inference
Pipeline completed
Running pipeline for brief_hospital_course on patient 22286901 - 306/594
Starting inference
Pipeline completed
Running pipeline for brief_hospital_course on patient 21223482 - 307/594
Starting inference
Pipeline completed
Running pipeline for brief_hospital_course on patient 21738619 - 308/594
Starting inference
Pipeline completed
Running pipeline for brief_hospital_course on patient 22907047 - 309/594
Starting inference
Pipeline completed
Running pipeline for brief_hospital_course on patient 26657459 - 310/594
Starting inference
Pipeline completed
Running pipeline for brief_hospital_course on patient 24818636 - 311/594
Starting inference
Pipeline completed
Running pipeline for brief_hospital_course on patient 23978280 - 312/594
Starting inference
Pipeline completed
Running pipeline for brief_hospital_course on patient 21977750 - 313/594
Starting inference
Pipeline completed
Running pipeline for brief_hospital_course on patient 29706049 - 314/594
Starting inference
Pipeline completed
Running pipeline for brief_hospital_course on patient 26030505 - 315/594
Starting inference
Pipeline completed
Running pipeline for brief_hospital_course on patient 22343752 - 316/594
Starting inference
Pipeline completed
Running pipeline for brief_hospital_course on patient 25922998 - 317/594
Starting inference
Pipeline completed
Running pipeline for brief_hospital_course on patient 29035756 - 318/594
Starting inference
Pipeline completed
Running pipeline for brief_hospital_course on patient 25427289 - 319/594
Starting inference
Pipeline completed
Running pipeline for brief_hospital_course on patient 23526575 - 320/594
Starting inference
Pipeline completed
Running pipeline for brief_hospital_course on patient 24773199 - 321/594
Starting inference
Pipeline completed
Running pipeline for brief_hospital_course on patient 27711991 - 322/594
Starting inference
Pipeline completed
Running pipeline for brief_hospital_course on patient 20565878 - 323/594
Starting inference
Pipeline completed
Running pipeline for brief_hospital_course on patient 23463247 - 324/594
Starting inference
Pipeline completed
Running pipeline for brief_hospital_course on patient 22146004 - 325/594
Starting inference
Pipeline completed
Running pipeline for brief_hospital_course on patient 24155998 - 326/594
Starting inference
Pipeline completed
Running pipeline for brief_hospital_course on patient 22713773 - 327/594
Starting inference
Pipeline completed
Running pipeline for brief_hospital_course on patient 21780885 - 328/594
Starting inference
Pipeline completed
Running pipeline for brief_hospital_course on patient 27129617 - 329/594
Starting inference
Pipeline completed
Running pipeline for brief_hospital_course on patient 23145708 - 330/594
Starting inference
Pipeline completed
Running pipeline for brief_hospital_course on patient 24517303 - 331/594
Starting inference
Pipeline completed
Running pipeline for brief_hospital_course on patient 22432004 - 332/594
Starting inference
Pipeline completed
Running pipeline for brief_hospital_course on patient 25501419 - 333/594
Starting inference
Pipeline completed
Running pipeline for brief_hospital_course on patient 28522084 - 334/594
Starting inference
Pipeline completed
Running pipeline for brief_hospital_course on patient 25560477 - 335/594
Starting inference
Pipeline completed
Running pipeline for brief_hospital_course on patient 26922052 - 336/594
Starting inference
Pipeline completed
Running pipeline for brief_hospital_course on patient 26805024 - 337/594
Starting inference
Pipeline completed
Running pipeline for brief_hospital_course on patient 29968792 - 338/594
Starting inference
Pipeline completed
Running pipeline for brief_hospital_course on patient 20321825 - 339/594
Starting inference
Pipeline completed
Running pipeline for brief_hospital_course on patient 26968117 - 340/594
Starting inference
Pipeline completed
Running pipeline for brief_hospital_course on patient 27322665 - 341/594
Starting inference
Pipeline completed
Running pipeline for brief_hospital_course on patient 26789435 - 342/594
Starting inference
Pipeline completed
Running pipeline for brief_hospital_course on patient 26486829 - 343/594
Starting inference
Pipeline completed
Running pipeline for brief_hospital_course on patient 24646702 - 344/594
Starting inference
Pipeline completed
Running pipeline for brief_hospital_course on patient 26286660 - 345/594
Starting inference
Pipeline completed
Running pipeline for brief_hospital_course on patient 29975519 - 346/594
Starting inference
Pipeline completed
Running pipeline for brief_hospital_course on patient 22045848 - 347/594
Starting inference
Pipeline completed
Running pipeline for brief_hospital_course on patient 22841357 - 348/594
Starting inference
Pipeline completed
Running pipeline for brief_hospital_course on patient 20541659 - 349/594
Starting inference
Pipeline completed
Running pipeline for brief_hospital_course on patient 26132850 - 350/594
Starting inference
Pipeline completed
Running pipeline for brief_hospital_course on patient 23243733 - 351/594
Starting inference
Pipeline completed
Running pipeline for brief_hospital_course on patient 27021321 - 352/594
Starting inference
Pipeline completed
Running pipeline for brief_hospital_course on patient 28349626 - 353/594
Starting inference
Pipeline completed
Running pipeline for brief_hospital_course on patient 27313953 - 354/594
Starting inference
Pipeline completed
Running pipeline for brief_hospital_course on patient 22696152 - 355/594
Starting inference
Pipeline completed
Running pipeline for brief_hospital_course on patient 27245469 - 356/594
Starting inference
Pipeline completed
Running pipeline for brief_hospital_course on patient 22227807 - 357/594
Starting inference
Pipeline completed
Running pipeline for brief_hospital_course on patient 20133640 - 358/594
Starting inference
Pipeline completed
Running pipeline for brief_hospital_course on patient 27071601 - 359/594
Starting inference
Pipeline completed
Running pipeline for brief_hospital_course on patient 27368161 - 360/594
Starting inference
Pipeline completed
Running pipeline for brief_hospital_course on patient 27614346 - 361/594
Starting inference
Pipeline completed
Running pipeline for brief_hospital_course on patient 23646008 - 362/594
Starting inference
Pipeline completed
Running pipeline for brief_hospital_course on patient 20280072 - 363/594
Starting inference
Pipeline completed
Running pipeline for brief_hospital_course on patient 29916440 - 364/594
Starting inference
Pipeline completed
Running pipeline for brief_hospital_course on patient 26434508 - 365/594
Starting inference
Pipeline completed
Running pipeline for brief_hospital_course on patient 22679130 - 366/594
Starting inference
Pipeline completed
Running pipeline for brief_hospital_course on patient 28051876 - 367/594
Starting inference
Pipeline completed
Running pipeline for brief_hospital_course on patient 24419339 - 368/594
Starting inference
Pipeline completed
Running pipeline for brief_hospital_course on patient 25749059 - 369/594
